<?xml version="1.0" encoding="UTF-8" ?>
<testsuite failures="0" time="3.841" errors="0" skipped="0" tests="2" name="com.google.appengine.samples.angularjs_guestbook.GuestbookResourceTest">
  <properties>
[...]
</properties>
  <testcase time="3.372" classname="com.google.appengine.samples.angularjs_guestbook.GuestbookResourceTest" name="testSignGuestbook"/>
  <testcase time="0.469" classname="com.google.appengine.samples.angularjs_guestbook.GuestbookResourceTest" name="testGetGuestbookData"/>
</testsuite>